# JRE version: Java(TM) SE Runtime Environment (8.0_211-b12) (build 1.8.0_211-b12)
# Java VM: Java HotSpot(TM) 64-Bit Server VM (25.211-b12 mixed mode windows-amd64 compressed oops)
Heap:
 PSYoungGen      total 162816K, used 50484K [0x00000000f5580000, 0x0000000100000000, 0x0000000100000000)
  eden space 151040K, 29% used [0x00000000f5580000,0x00000000f8086738,0x00000000fe900000)
  from space 11776K, 54% used [0x00000000ff480000,0x00000000ffac6970,0x0000000100000000)
  to   space 11776K, 0% used [0x00000000fe900000,0x00000000fe900000,0x00000000ff480000)
 ParOldGen       total 175104K, used 15328K [0x00000000e0000000, 0x00000000eab00000, 0x00000000f5580000)
  object space 175104K, 8% used [0x00000000e0000000,0x00000000e0ef82b0,0x00000000eab00000)
 Metaspace       used 38775K, capacity 40655K, committed 40832K, reserved 1085440K
  class space    used 5437K, capacity 5889K, committed 6016K, reserved 1048576K
GC Heap History (10 events):
Event: 13.896 GC heap before
{Heap before GC invocations=6 (full 1):
 PSYoungGen      total 76288K, used 65536K [0x00000000f5580000, 0x00000000faa80000, 0x0000000100000000)
  eden space 65536K, 100% used [0x00000000f5580000,0x00000000f9580000,0x00000000f9580000)
  from space 10752K, 0% used [0x00000000fa000000,0x00000000fa000000,0x00000000faa80000)
  to   space 10752K, 0% used [0x00000000f9580000,0x00000000f9580000,0x00000000fa000000)
 ParOldGen       total 175104K, used 8559K [0x00000000e0000000, 0x00000000eab00000, 0x00000000f5580000)
  object space 175104K, 4% used [0x00000000e0000000,0x00000000e085bfa8,0x00000000eab00000)
 Metaspace       used 28076K, capacity 29005K, committed 29184K, reserved 1075200K
  class space    used 4063K, capacity 4271K, committed 4352K, reserved 1048576K
Event: 13.922 GC heap after
Heap after GC invocations=6 (full 1):
 PSYoungGen      total 76288K, used 7978K [0x00000000f5580000, 0x00000000fcd80000, 0x0000000100000000)
  eden space 65536K, 0% used [0x00000000f5580000,0x00000000f5580000,0x00000000f9580000)
  from space 10752K, 74% used [0x00000000f9580000,0x00000000f9d4aaa8,0x00000000fa000000)
  to   space 11776K, 0% used [0x00000000fc200000,0x00000000fc200000,0x00000000fcd80000)
 ParOldGen       total 175104K, used 8567K [0x00000000e0000000, 0x00000000eab00000, 0x00000000f5580000)
  object space 175104K, 4% used [0x00000000e0000000,0x00000000e085dfa8,0x00000000eab00000)
 Metaspace       used 28076K, capacity 29005K, committed 29184K, reserved 1075200K
  class space    used 4063K, capacity 4271K, committed 4352K, reserved 1048576K
}
Event: 26.314 GC heap before
{Heap before GC invocations=7 (full 1):
 PSYoungGen      total 76288K, used 73514K [0x00000000f5580000, 0x00000000fcd80000, 0x0000000100000000)
  eden space 65536K, 100% used [0x00000000f5580000,0x00000000f9580000,0x00000000f9580000)
  from space 10752K, 74% used [0x00000000f9580000,0x00000000f9d4aaa8,0x00000000fa000000)
  to   space 11776K, 0% used [0x00000000fc200000,0x00000000fc200000,0x00000000fcd80000)
 ParOldGen       total 175104K, used 8567K [0x00000000e0000000, 0x00000000eab00000, 0x00000000f5580000)
  object space 175104K, 4% used [0x00000000e0000000,0x00000000e085dfa8,0x00000000eab00000)
 Metaspace       used 32552K, capacity 33737K, committed 33920K, reserved 1079296K
  class space    used 4644K, capacity 4934K, committed 4992K, reserved 1048576K
Event: 26.357 GC heap after
Heap after GC invocations=7 (full 1):
 PSYoungGen      total 107520K, used 10017K [0x00000000f5580000, 0x00000000fcc00000, 0x0000000100000000)
  eden space 97280K, 0% used [0x00000000f5580000,0x00000000f5580000,0x00000000fb480000)
  from space 10240K, 97% used [0x00000000fc200000,0x00000000fcbc8748,0x00000000fcc00000)
  to   space 11776K, 0% used [0x00000000fb500000,0x00000000fb500000,0x00000000fc080000)
 ParOldGen       total 175104K, used 8575K [0x00000000e0000000, 0x00000000eab00000, 0x00000000f5580000)
  object space 175104K, 4% used [0x00000000e0000000,0x00000000e085ffa8,0x00000000eab00000)
 Metaspace       used 32552K, capacity 33737K, committed 33920K, reserved 1079296K
  class space    used 4644K, capacity 4934K, committed 4992K, reserved 1048576K
}
Event: 27.125 GC heap before
{Heap before GC invocations=8 (full 1):
 PSYoungGen      total 107520K, used 30761K [0x00000000f5580000, 0x00000000fcc00000, 0x0000000100000000)
  eden space 97280K, 21% used [0x00000000f5580000,0x00000000f69c2068,0x00000000fb480000)
  from space 10240K, 97% used [0x00000000fc200000,0x00000000fcbc8748,0x00000000fcc00000)
  to   space 11776K, 0% used [0x00000000fb500000,0x00000000fb500000,0x00000000fc080000)
 ParOldGen       total 175104K, used 8575K [0x00000000e0000000, 0x00000000eab00000, 0x00000000f5580000)
  object space 175104K, 4% used [0x00000000e0000000,0x00000000e085ffa8,0x00000000eab00000)
 Metaspace       used 34098K, capacity 35367K, committed 35496K, reserved 1079296K
  class space    used 4765K, capacity 5045K, committed 5120K, reserved 1048576K
Event: 27.184 GC heap after
Heap after GC invocations=8 (full 1):
 PSYoungGen      total 109568K, used 8459K [0x00000000f5580000, 0x0000000100000000, 0x0000000100000000)
  eden space 97792K, 0% used [0x00000000f5580000,0x00000000f5580000,0x00000000fb500000)
  from space 11776K, 71% used [0x00000000fb500000,0x00000000fbd42f08,0x00000000fc080000)
  to   space 11776K, 0% used [0x00000000ff480000,0x00000000ff480000,0x0000000100000000)
 ParOldGen       total 175104K, used 8583K [0x00000000e0000000, 0x00000000eab00000, 0x00000000f5580000)
  object space 175104K, 4% used [0x00000000e0000000,0x00000000e0861fa8,0x00000000eab00000)
 Metaspace       used 34098K, capacity 35367K, committed 35496K, reserved 1079296K
  class space    used 4765K, capacity 5045K, committed 5120K, reserved 1048576K
}
Event: 27.184 GC heap before
{Heap before GC invocations=9 (full 2):
 PSYoungGen      total 109568K, used 8459K [0x00000000f5580000, 0x0000000100000000, 0x0000000100000000)
  eden space 97792K, 0% used [0x00000000f5580000,0x00000000f5580000,0x00000000fb500000)
  from space 11776K, 71% used [0x00000000fb500000,0x00000000fbd42f08,0x00000000fc080000)
  to   space 11776K, 0% used [0x00000000ff480000,0x00000000ff480000,0x0000000100000000)
 ParOldGen       total 175104K, used 8583K [0x00000000e0000000, 0x00000000eab00000, 0x00000000f5580000)
  object space 175104K, 4% used [0x00000000e0000000,0x00000000e0861fa8,0x00000000eab00000)
 Metaspace       used 34098K, capacity 35367K, committed 35496K, reserved 1079296K
  class space    used 4765K, capacity 5045K, committed 5120K, reserved 1048576K
Event: 27.328 GC heap after
Heap after GC invocations=9 (full 2):
 PSYoungGen      total 109568K, used 0K [0x00000000f5580000, 0x0000000100000000, 0x0000000100000000)
  eden space 97792K, 0% used [0x00000000f5580000,0x00000000f5580000,0x00000000fb500000)
  from space 11776K, 0% used [0x00000000fb500000,0x00000000fb500000,0x00000000fc080000)
  to   space 11776K, 0% used [0x00000000ff480000,0x00000000ff480000,0x0000000100000000)
 ParOldGen       total 175104K, used 15320K [0x00000000e0000000, 0x00000000eab00000, 0x00000000f5580000)
  object space 175104K, 8% used [0x00000000e0000000,0x00000000e0ef62b0,0x00000000eab00000)
 Metaspace       used 34098K, capacity 35367K, committed 35496K, reserved 1079296K
  class space    used 4765K, capacity 5045K, committed 5120K, reserved 1048576K
}
Event: 39.538 GC heap before
{Heap before GC invocations=10 (full 2):
 PSYoungGen      total 109568K, used 97792K [0x00000000f5580000, 0x0000000100000000, 0x0000000100000000)
  eden space 97792K, 100% used [0x00000000f5580000,0x00000000fb500000,0x00000000fb500000)
  from space 11776K, 0% used [0x00000000fb500000,0x00000000fb500000,0x00000000fc080000)
  to   space 11776K, 0% used [0x00000000ff480000,0x00000000ff480000,0x0000000100000000)
 ParOldGen       total 175104K, used 15320K [0x00000000e0000000, 0x00000000eab00000, 0x00000000f5580000)
  object space 175104K, 8% used [0x00000000e0000000,0x00000000e0ef62b0,0x00000000eab00000)
 Metaspace       used 38046K, capacity 39827K, committed 40192K, reserved 1083392K
  class space    used 5339K, capacity 5768K, committed 5888K, reserved 1048576K
Event: 39.574 GC heap after
Heap after GC invocations=10 (full 2):
 PSYoungGen      total 162816K, used 6426K [0x00000000f5580000, 0x0000000100000000, 0x0000000100000000)
  eden space 151040K, 0% used [0x00000000f5580000,0x00000000f5580000,0x00000000fe900000)
  from space 11776K, 54% used [0x00000000ff480000,0x00000000ffac6970,0x0000000100000000)
  to   space 11776K, 0% used [0x00000000fe900000,0x00000000fe900000,0x00000000ff480000)
 ParOldGen       total 175104K, used 15328K [0x00000000e0000000, 0x00000000eab00000, 0x00000000f5580000)
  object space 175104K, 8% used [0x00000000e0000000,0x00000000e0ef82b0,0x00000000eab00000)
 Metaspace       used 38046K, capacity 39827K, committed 40192K, reserved 1083392K
  class space    used 5339K, capacity 5768K, committed 5888K, reserved 1048576K
}

